Info : only one transport option; autoselect 'jtag'
adapter speed: 1000 kHz
cc3200_dbginit
Info : clock speed 1000 kHz
Info : JTAG tap: cc3200.jrc tap/device found: 0x0b97c02f (mfg: 0x017, part: 0xb97c, ver: 0x0)
Info : JTAG tap: cc3200.dap enabled
Info : cc3200.cpu: hardware has 6 breakpoints, 4 watchpoints
Info : accepting 'gdb' connection from pipe
target state: halted
target halted due to debug-request, current mode: Handler HardFault
xPSR: 0x81000003 pc: 0x0000a0de msp: 0x27aa7ed0
Error: JTAG-DP STICKY ERROR
Error: MEM_AP_CSW 0x23000061, MEM_AP_TAR 0x5d5955f4
Error: Failed to read memory at 0x5d5955f4
Error: JTAG-DP STICKY ERROR
Error: MEM_AP_CSW 0x23000062, MEM_AP_TAR 0xc95c4328
Error: Failed to read memory at 0xc95c4328
Error: JTAG-DP STICKY ERROR
Error: MEM_AP_CSW 0x23000062, MEM_AP_TAR 0xc95c4328
Error: Failed to read memory at 0xc95c4328
Info : dropped 'gdb' connection
